[0m[[0mdebug[0m] [0mRunning TaskDef(fileSearcher.FilterCheckerTests, org.scalatest.tools.Framework$$anon$1@41e87cd7, false, [SuiteSelector])[0m
[0m[[0mdebug[0m] [0mRunning TaskDef(fileSearcher.MatcherTests, org.scalatest.tools.Framework$$anon$1@41e87cd7, false, [SuiteSelector])[0m
[0m[[0minfo[0m] [0mScalaTest[0m
[0m[[0minfo[0m] [0m[36mRun completed in 388 milliseconds.[0m[0m
[0m[[0minfo[0m] [0m[36mTotal number of tests run: 10[0m[0m
[0m[[0minfo[0m] [0m[36mSuites: completed 2, aborted 0[0m[0m
[0m[[0minfo[0m] [0m[36mTests: succeeded 6, failed 4, canceled 0, ignored 0, pending 0[0m[0m
[0m[[0minfo[0m] [0m[31m*** 4 TESTS FAILED ***[0m[0m
[0m[[0mdebug[0m] [0mSummary for JUnit not available.[0m
[0m[[31merror[0m] [0mFailed: Total 10, Failed 4, Errors 0, Passed 6[0m
[0m[[31merror[0m] [0mFailed tests:[0m
[0m[[31merror[0m] [0m	fileSearcher.FilterCheckerTests[0m
[0m[[31merror[0m] [0m	fileSearcher.MatcherTests[0m
[0m[[31merror[0m] [0m(test:[31mtest[0m) sbt.TestsFailedException: Tests unsuccessful[0m
